<?xml version="1.0" encoding="UTF-8"?>
<!-- Generated by org.testng.reporters.JUnitXMLReporter -->
<testsuite hostname="Qapitols-Mac-mini-2.local" ignored="0" name="Incident Dashboard Templae" tests="1" failures="0" timestamp="2020-02-12T11:09:42 IST" time="0.103" errors="0">
  <testcase name="@BeforeClass setup" time="0.04" classname="com.staxrt.tutorial.StudentControllerTests">
    <failure type="java.lang.IllegalArgumentException" message="WebApplicationContext is required">
      <![CDATA[java.lang.IllegalArgumentException: WebApplicationContext is required
at org.springframework.util.Assert.notNull(Assert.java:198)
at org.springframework.test.web.servlet.setup.DefaultMockMvcBuilder.<init>(DefaultMockMvcBuilder.java:52)
at org.springframework.test.web.servlet.setup.MockMvcBuilders.webAppContextSetup(MockMvcBuilders.java:51)
at com.staxrt.tutorial.StudentControllerTests.setup(StudentControllerTests.java:42)
at java.util.ArrayList.forEach(ArrayList.java:1257)
... Removed 25 stack frames]]>
    </failure>
  </testcase> <!-- @BeforeClass setup -->
  <testcase name="testCreateStudent" time="0.0" classname="com.staxrt.tutorial.StudentControllerTests">
    <skipped/>
  </testcase> <!-- testCreateStudent -->
</testsuite> <!-- Incident Dashboard Templae -->
