<?xml version="1.0" encoding="UTF-8"?>
<testng-results skipped="0" failed="0" ignored="0" total="8" passed="8">
  <reporter-output>
  </reporter-output>
  <suite name="Converted JUnit suite" duration-ms="21494" started-at="2020-02-14T15:32:00 IST" finished-at="2020-02-14T15:32:21 IST">
    <groups>
    </groups>
    <test name="JUnitTests" duration-ms="21494" started-at="2020-02-14T15:32:00 IST" finished-at="2020-02-14T15:32:21 IST">
      <class name="com.staxrt.tutorial.GetUserById">
        <test-method status="PASS" signature="contextLoads()" name="contextLoads" duration-ms="33" started-at="2020-02-14T15:32:21 IST" finished-at="2020-02-14T15:32:21 IST">
          <reporter-output>
          </reporter-output>
        </test-method> <!-- contextLoads -->
        <test-method status="PASS" signature="testGetUserById()" name="testGetUserById" duration-ms="70" started-at="2020-02-14T15:32:21 IST" finished-at="2020-02-14T15:32:21 IST">
          <reporter-output>
          </reporter-output>
        </test-method> <!-- testGetUserById -->
      </class> <!-- com.staxrt.tutorial.GetUserById -->
      <class name="com.staxrt.tutorial.CreateUser">
        <test-method status="PASS" signature="testCreateUser()" name="testCreateUser" duration-ms="19972" started-at="2020-02-14T15:32:01 IST" finished-at="2020-02-14T15:32:21 IST">
          <reporter-output>
          </reporter-output>
        </test-method> <!-- testCreateUser -->
        <test-method status="PASS" signature="contextLoads()" name="contextLoads" duration-ms="19982" started-at="2020-02-14T15:32:01 IST" finished-at="2020-02-14T15:32:21 IST">
          <reporter-output>
          </reporter-output>
        </test-method> <!-- contextLoads -->
      </class> <!-- com.staxrt.tutorial.CreateUser -->
      <class name="com.staxrt.tutorial.UpdatePost">
        <test-method status="PASS" signature="testUpdatePost()" name="testUpdatePost" duration-ms="254" started-at="2020-02-14T15:32:21 IST" finished-at="2020-02-14T15:32:21 IST">
          <reporter-output>
          </reporter-output>
        </test-method> <!-- testUpdatePost -->
        <test-method status="PASS" signature="contextLoads()" name="contextLoads" duration-ms="271" started-at="2020-02-14T15:32:21 IST" finished-at="2020-02-14T15:32:21 IST">
          <reporter-output>
          </reporter-output>
        </test-method> <!-- contextLoads -->
      </class> <!-- com.staxrt.tutorial.UpdatePost -->
      <class name="com.staxrt.tutorial.DeletePost">
        <test-method status="PASS" signature="contextLoads()" name="contextLoads" duration-ms="297" started-at="2020-02-14T15:32:21 IST" finished-at="2020-02-14T15:32:21 IST">
          <reporter-output>
          </reporter-output>
        </test-method> <!-- contextLoads -->
        <test-method status="PASS" signature="testDeletePost()" name="testDeletePost" duration-ms="288" started-at="2020-02-14T15:32:21 IST" finished-at="2020-02-14T15:32:21 IST">
          <reporter-output>
          </reporter-output>
        </test-method> <!-- testDeletePost -->
      </class> <!-- com.staxrt.tutorial.DeletePost -->
    </test> <!-- JUnitTests -->
  </suite> <!-- Converted JUnit suite -->
</testng-results>
