<?xml version="1.0" encoding="UTF-8"?>
<testng-results skipped="0" failed="0" ignored="0" total="8" passed="8">
  <reporter-output>
  </reporter-output>
  <suite name="Converted JUnit suite" duration-ms="13791" started-at="2020-02-15T21:33:15 IST" finished-at="2020-02-15T21:33:28 IST">
    <groups>
    </groups>
    <test name="JUnitTests" duration-ms="13791" started-at="2020-02-15T21:33:15 IST" finished-at="2020-02-15T21:33:28 IST">
      <class name="com.staxrt.tutorial.GetUserById">
        <test-method status="PASS" signature="contextLoads()" name="contextLoads" duration-ms="13" started-at="2020-02-15T21:33:28 IST" finished-at="2020-02-15T21:33:28 IST">
          <reporter-output>
          </reporter-output>
        </test-method> <!-- contextLoads -->
        <test-method status="PASS" signature="testGetUserById()" name="testGetUserById" duration-ms="52" started-at="2020-02-15T21:33:28 IST" finished-at="2020-02-15T21:33:28 IST">
          <reporter-output>
          </reporter-output>
        </test-method> <!-- testGetUserById -->
      </class> <!-- com.staxrt.tutorial.GetUserById -->
      <class name="com.staxrt.tutorial.CreateUser">
        <test-method status="PASS" signature="testCreateUser()" name="testCreateUser" duration-ms="12768" started-at="2020-02-15T21:33:15 IST" finished-at="2020-02-15T21:33:28 IST">
          <reporter-output>
          </reporter-output>
        </test-method> <!-- testCreateUser -->
        <test-method status="PASS" signature="contextLoads()" name="contextLoads" duration-ms="12783" started-at="2020-02-15T21:33:15 IST" finished-at="2020-02-15T21:33:28 IST">
          <reporter-output>
          </reporter-output>
        </test-method> <!-- contextLoads -->
      </class> <!-- com.staxrt.tutorial.CreateUser -->
      <class name="com.staxrt.tutorial.UpdatePost">
        <test-method status="PASS" signature="contextLoads()" name="contextLoads" duration-ms="203" started-at="2020-02-15T21:33:28 IST" finished-at="2020-02-15T21:33:28 IST">
          <reporter-output>
          </reporter-output>
        </test-method> <!-- contextLoads -->
        <test-method status="PASS" signature="testUpdatePost()" name="testUpdatePost" duration-ms="192" started-at="2020-02-15T21:33:28 IST" finished-at="2020-02-15T21:33:28 IST">
          <reporter-output>
          </reporter-output>
        </test-method> <!-- testUpdatePost -->
      </class> <!-- com.staxrt.tutorial.UpdatePost -->
      <class name="com.staxrt.tutorial.DeletePost">
        <test-method status="PASS" signature="contextLoads()" name="contextLoads" duration-ms="102" started-at="2020-02-15T21:33:28 IST" finished-at="2020-02-15T21:33:28 IST">
          <reporter-output>
          </reporter-output>
        </test-method> <!-- contextLoads -->
        <test-method status="PASS" signature="testDeletePost()" name="testDeletePost" duration-ms="94" started-at="2020-02-15T21:33:28 IST" finished-at="2020-02-15T21:33:28 IST">
          <reporter-output>
          </reporter-output>
        </test-method> <!-- testDeletePost -->
      </class> <!-- com.staxrt.tutorial.DeletePost -->
    </test> <!-- JUnitTests -->
  </suite> <!-- Converted JUnit suite -->
</testng-results>
